<?xml version="1.0" encoding="UTF-8" standalone="no"?>
<!DOCTYPE log SYSTEM "logger.dtd">
<log>
<record>
  <date>2024-01-13T16:07:38</date>
  <millis>1705129658100</millis>
  <sequence>0</sequence>
  <level>START</level>
  <class>com.kms.katalon.core.logging.XmlKeywordLogger</class>
  <method>startSuite</method>
  <thread>1</thread>
  <message>Start Test Suite : Test Suites/New Test Suite</message>
  <nestedLevel>0</nestedLevel>
  <escapedJava>false</escapedJava>
  <property name="rerunTestFailImmediately">false</property>
  <property name="retryCount">0</property>
  <property name="name">New Test Suite</property>
  <property name="description"></property>
  <property name="id">Test Suites/New Test Suite</property>
</record>
<record>
  <date>2024-01-13T16:07:38</date>
  <millis>1705129658115</millis>
  <sequence>1</sequence>
  <level>RUN_DATA</level>
  <class>com.kms.katalon.core.logging.XmlKeywordLogger</class>
  <method>logMessage</method>
  <thread>1</thread>
  <message>hostName = DELL - DESKTOP-T835F3C</message>
  <nestedLevel>0</nestedLevel>
  <escapedJava>false</escapedJava>
  <property name="hostName">DELL - DESKTOP-T835F3C</property>
</record>
<record>
  <date>2024-01-13T16:07:38</date>
  <millis>1705129658116</millis>
  <sequence>2</sequence>
  <level>RUN_DATA</level>
  <class>com.kms.katalon.core.logging.XmlKeywordLogger</class>
  <method>logMessage</method>
  <thread>1</thread>
  <message>os = Windows 10 64bit</message>
  <nestedLevel>0</nestedLevel>
  <escapedJava>false</escapedJava>
  <property name="os">Windows 10 64bit</property>
</record>
<record>
  <date>2024-01-13T16:07:38</date>
  <millis>1705129658116</millis>
  <sequence>3</sequence>
  <level>RUN_DATA</level>
  <class>com.kms.katalon.core.logging.XmlKeywordLogger</class>
  <method>logMessage</method>
  <thread>1</thread>
  <message>hostAddress = 192.168.85.1</message>
  <nestedLevel>0</nestedLevel>
  <escapedJava>false</escapedJava>
  <property name="hostAddress">192.168.85.1</property>
</record>
<record>
  <date>2024-01-13T16:07:38</date>
  <millis>1705129658117</millis>
  <sequence>4</sequence>
  <level>RUN_DATA</level>
  <class>com.kms.katalon.core.logging.XmlKeywordLogger</class>
  <method>logMessage</method>
  <thread>1</thread>
  <message>katalonVersion = 8.6.8.208</message>
  <nestedLevel>0</nestedLevel>
  <escapedJava>false</escapedJava>
  <property name="katalonVersion">8.6.8.208</property>
</record>
<record>
  <date>2024-01-13T16:07:38</date>
  <millis>1705129658485</millis>
  <sequence>5</sequence>
  <level>START</level>
  <class>com.kms.katalon.core.logging.XmlKeywordLogger</class>
  <method>startTest</method>
  <thread>1</thread>
  <message>Start Test Case : Test Cases/DangNhap/DangNhap_DieuKienEmailVaPassword_DapUng</message>
  <nestedLevel>1</nestedLevel>
  <escapedJava>false</escapedJava>
  <property name="name">Test Cases/DangNhap/DangNhap_DieuKienEmailVaPassword_DapUng</property>
  <property name="description"></property>
  <property name="iteration"></property>
  <property name="id">Test Cases/DangNhap/DangNhap_DieuKienEmailVaPassword_DapUng</property>
  <property name="source">D:\MONHOC\DoAnTotNghiep_2\automation_2\truyenteen.me\Test Cases\DangNhap\DangNhap_DieuKienEmailVaPassword_DapUng.tc</property>
  <property name="tag"></property>
  <property name="isOptional">false</property>
</record>
<record>
  <date>2024-01-13T16:07:38</date>
  <millis>1705129658518</millis>
  <sequence>7</sequence>
  <level>ERROR</level>
  <class>com.kms.katalon.core.logging.XmlKeywordLogger</class>
  <method>logMessage</method>
  <thread>1</thread>
  <message>Test Cases/DangNhap/DangNhap_DieuKienEmailVaPassword_DapUng has ERROR(s).
Reason:
org.codehaus.groovy.control.MultipleCompilationErrorsException: startup failed:
script1705129658487.groovy: 56: expecting anything but &amp;apos;&amp;apos;\n&amp;apos;&amp;apos;; got it anyway @ line 56, column 67.
   sword: $Password không hợp lệ.
                                 ^

1 error
</message>
  <nestedLevel>1</nestedLevel>
  <escapedJava>false</escapedJava>
  <property name="failed.exception.class">org.codehaus.groovy.control.MultipleCompilationErrorsException</property>
  <property name="failed.exception.stacktrace">org.codehaus.groovy.control.MultipleCompilationErrorsException: startup failed:
script1705129658487.groovy: 56: expecting anything but &apos;&apos;\n&apos;&apos;; got it anyway @ line 56, column 67.
   sword: $Password không hợp lệ.
                                 ^

1 error

	at com.kms.katalon.core.main.TestCaseMethodNodeCollector.&lt;init&gt;(TestCaseMethodNodeCollector.java:43)
	at com.kms.katalon.core.main.TestCaseExecutor.processScriptPreparationPhase(TestCaseExecutor.java:184)
	at com.kms.katalon.core.main.TestCaseExecutor.execute(TestCaseExecutor.java:259)
	at com.kms.katalon.core.common.CommonExecutor.accessTestCaseMainPhase(CommonExecutor.java:65)
	at com.kms.katalon.core.main.TestSuiteExecutor.accessTestSuiteMainPhase(TestSuiteExecutor.java:148)
	at com.kms.katalon.core.main.TestSuiteExecutor.execute(TestSuiteExecutor.java:106)
	at com.kms.katalon.core.main.TestCaseMain.startTestSuite(TestCaseMain.java:187)
	at com.kms.katalon.core.main.TestCaseMain$startTestSuite$0.call(Unknown Source)
	at TempTestSuite1705129655543.run(TempTestSuite1705129655543.groovy:36)
</property>
  <property name="failed.exception.message">startup failed:
script1705129658487.groovy: 56: expecting anything but &apos;&apos;\n&apos;&apos;; got it anyway @ line 56, column 67.
   sword: $Password không hợp lệ.
                                 ^

1 error
</property>
</record>
<record>
  <date>2024-01-13T16:07:38</date>
  <millis>1705129658520</millis>
  <sequence>8</sequence>
  <level>END</level>
  <class>com.kms.katalon.core.logging.XmlKeywordLogger</class>
  <method>endTest</method>
  <thread>1</thread>
  <message>End Test Case : Test Cases/DangNhap/DangNhap_DieuKienEmailVaPassword_DapUng</message>
  <nestedLevel>0</nestedLevel>
  <escapedJava>false</escapedJava>
  <property name="executionBindingVariables">[]</property>
  <property name="applitools">false</property>
  <property name="keywordsUsage">{
  &quot;web_ui&quot;: false,
  &quot;web_service&quot;: false,
  &quot;cucumber&quot;: false,
  &quot;builtin&quot;: false,
  &quot;mobile&quot;: false,
  &quot;windows&quot;: false,
  &quot;testng&quot;: false
}</property>
</record>
<record>
  <date>2024-01-13T16:07:38</date>
  <millis>1705129658567</millis>
  <sequence>9</sequence>
  <level>START</level>
  <class>com.kms.katalon.core.logging.XmlKeywordLogger</class>
  <method>startTest</method>
  <thread>1</thread>
  <message>Start Test Case : Test Cases/DangNhap/DangNhap_DieuKienEmailVaPassword_DapUng</message>
  <nestedLevel>1</nestedLevel>
  <escapedJava>false</escapedJava>
  <property name="name">Test Cases/DangNhap/DangNhap_DieuKienEmailVaPassword_DapUng</property>
  <property name="description"></property>
  <property name="iteration"></property>
  <property name="id">Test Cases/DangNhap/DangNhap_DieuKienEmailVaPassword_DapUng</property>
  <property name="source">D:\MONHOC\DoAnTotNghiep_2\automation_2\truyenteen.me\Test Cases\DangNhap\DangNhap_DieuKienEmailVaPassword_DapUng.tc</property>
  <property name="tag"></property>
  <property name="isOptional">false</property>
</record>
<record>
  <date>2024-01-13T16:07:38</date>
  <millis>1705129658580</millis>
  <sequence>11</sequence>
  <level>ERROR</level>
  <class>com.kms.katalon.core.logging.XmlKeywordLogger</class>
  <method>logMessage</method>
  <thread>1</thread>
  <message>Test Cases/DangNhap/DangNhap_DieuKienEmailVaPassword_DapUng has ERROR(s).
Reason:
org.codehaus.groovy.control.MultipleCompilationErrorsException: startup failed:
script1705129658569.groovy: 56: expecting anything but &amp;apos;&amp;apos;\n&amp;apos;&amp;apos;; got it anyway @ line 56, column 67.
   sword: $Password không hợp lệ.
                                 ^

1 error
</message>
  <nestedLevel>1</nestedLevel>
  <escapedJava>false</escapedJava>
  <property name="failed.exception.class">org.codehaus.groovy.control.MultipleCompilationErrorsException</property>
  <property name="failed.exception.stacktrace">org.codehaus.groovy.control.MultipleCompilationErrorsException: startup failed:
script1705129658569.groovy: 56: expecting anything but &apos;&apos;\n&apos;&apos;; got it anyway @ line 56, column 67.
   sword: $Password không hợp lệ.
                                 ^

1 error

	at com.kms.katalon.core.main.TestCaseMethodNodeCollector.&lt;init&gt;(TestCaseMethodNodeCollector.java:43)
	at com.kms.katalon.core.main.TestCaseExecutor.processScriptPreparationPhase(TestCaseExecutor.java:184)
	at com.kms.katalon.core.main.TestCaseExecutor.execute(TestCaseExecutor.java:259)
	at com.kms.katalon.core.common.CommonExecutor.accessTestCaseMainPhase(CommonExecutor.java:65)
	at com.kms.katalon.core.main.TestSuiteExecutor.accessTestSuiteMainPhase(TestSuiteExecutor.java:148)
	at com.kms.katalon.core.main.TestSuiteExecutor.execute(TestSuiteExecutor.java:106)
	at com.kms.katalon.core.main.TestCaseMain.startTestSuite(TestCaseMain.java:187)
	at com.kms.katalon.core.main.TestCaseMain$startTestSuite$0.call(Unknown Source)
	at TempTestSuite1705129655543.run(TempTestSuite1705129655543.groovy:36)
</property>
  <property name="failed.exception.message">startup failed:
script1705129658569.groovy: 56: expecting anything but &apos;&apos;\n&apos;&apos;; got it anyway @ line 56, column 67.
   sword: $Password không hợp lệ.
                                 ^

1 error
</property>
</record>
<record>
  <date>2024-01-13T16:07:38</date>
  <millis>1705129658583</millis>
  <sequence>12</sequence>
  <level>END</level>
  <class>com.kms.katalon.core.logging.XmlKeywordLogger</class>
  <method>endTest</method>
  <thread>1</thread>
  <message>End Test Case : Test Cases/DangNhap/DangNhap_DieuKienEmailVaPassword_DapUng</message>
  <nestedLevel>0</nestedLevel>
  <escapedJava>false</escapedJava>
  <property name="executionBindingVariables">[]</property>
  <property name="applitools">false</property>
  <property name="keywordsUsage">{
  &quot;web_ui&quot;: false,
  &quot;web_service&quot;: false,
  &quot;cucumber&quot;: false,
  &quot;builtin&quot;: false,
  &quot;mobile&quot;: false,
  &quot;windows&quot;: false,
  &quot;testng&quot;: false
}</property>
</record>
<record>
  <date>2024-01-13T16:07:38</date>
  <millis>1705129658625</millis>
  <sequence>13</sequence>
  <level>START</level>
  <class>com.kms.katalon.core.logging.XmlKeywordLogger</class>
  <method>startTest</method>
  <thread>1</thread>
  <message>Start Test Case : Test Cases/DangNhap/DangNhap_DieuKienEmailVaPassword_DapUng</message>
  <nestedLevel>1</nestedLevel>
  <escapedJava>false</escapedJava>
  <property name="name">Test Cases/DangNhap/DangNhap_DieuKienEmailVaPassword_DapUng</property>
  <property name="description"></property>
  <property name="iteration"></property>
  <property name="id">Test Cases/DangNhap/DangNhap_DieuKienEmailVaPassword_DapUng</property>
  <property name="source">D:\MONHOC\DoAnTotNghiep_2\automation_2\truyenteen.me\Test Cases\DangNhap\DangNhap_DieuKienEmailVaPassword_DapUng.tc</property>
  <property name="tag"></property>
  <property name="isOptional">false</property>
</record>
<record>
  <date>2024-01-13T16:07:38</date>
  <millis>1705129658636</millis>
  <sequence>15</sequence>
  <level>ERROR</level>
  <class>com.kms.katalon.core.logging.XmlKeywordLogger</class>
  <method>logMessage</method>
  <thread>1</thread>
  <message>Test Cases/DangNhap/DangNhap_DieuKienEmailVaPassword_DapUng has ERROR(s).
Reason:
org.codehaus.groovy.control.MultipleCompilationErrorsException: startup failed:
script1705129658627.groovy: 56: expecting anything but &amp;apos;&amp;apos;\n&amp;apos;&amp;apos;; got it anyway @ line 56, column 67.
   sword: $Password không hợp lệ.
                                 ^

1 error
</message>
  <nestedLevel>1</nestedLevel>
  <escapedJava>false</escapedJava>
  <property name="failed.exception.class">org.codehaus.groovy.control.MultipleCompilationErrorsException</property>
  <property name="failed.exception.stacktrace">org.codehaus.groovy.control.MultipleCompilationErrorsException: startup failed:
script1705129658627.groovy: 56: expecting anything but &apos;&apos;\n&apos;&apos;; got it anyway @ line 56, column 67.
   sword: $Password không hợp lệ.
                                 ^

1 error

	at com.kms.katalon.core.main.TestCaseMethodNodeCollector.&lt;init&gt;(TestCaseMethodNodeCollector.java:43)
	at com.kms.katalon.core.main.TestCaseExecutor.processScriptPreparationPhase(TestCaseExecutor.java:184)
	at com.kms.katalon.core.main.TestCaseExecutor.execute(TestCaseExecutor.java:259)
	at com.kms.katalon.core.common.CommonExecutor.accessTestCaseMainPhase(CommonExecutor.java:65)
	at com.kms.katalon.core.main.TestSuiteExecutor.accessTestSuiteMainPhase(TestSuiteExecutor.java:148)
	at com.kms.katalon.core.main.TestSuiteExecutor.execute(TestSuiteExecutor.java:106)
	at com.kms.katalon.core.main.TestCaseMain.startTestSuite(TestCaseMain.java:187)
	at com.kms.katalon.core.main.TestCaseMain$startTestSuite$0.call(Unknown Source)
	at TempTestSuite1705129655543.run(TempTestSuite1705129655543.groovy:36)
</property>
  <property name="failed.exception.message">startup failed:
script1705129658627.groovy: 56: expecting anything but &apos;&apos;\n&apos;&apos;; got it anyway @ line 56, column 67.
   sword: $Password không hợp lệ.
                                 ^

1 error
</property>
</record>
<record>
  <date>2024-01-13T16:07:38</date>
  <millis>1705129658638</millis>
  <sequence>16</sequence>
  <level>END</level>
  <class>com.kms.katalon.core.logging.XmlKeywordLogger</class>
  <method>endTest</method>
  <thread>1</thread>
  <message>End Test Case : Test Cases/DangNhap/DangNhap_DieuKienEmailVaPassword_DapUng</message>
  <nestedLevel>0</nestedLevel>
  <escapedJava>false</escapedJava>
  <property name="executionBindingVariables">[]</property>
  <property name="applitools">false</property>
  <property name="keywordsUsage">{
  &quot;web_ui&quot;: false,
  &quot;web_service&quot;: false,
  &quot;cucumber&quot;: false,
  &quot;builtin&quot;: false,
  &quot;mobile&quot;: false,
  &quot;windows&quot;: false,
  &quot;testng&quot;: false
}</property>
</record>
<record>
  <date>2024-01-13T16:07:38</date>
  <millis>1705129658679</millis>
  <sequence>17</sequence>
  <level>START</level>
  <class>com.kms.katalon.core.logging.XmlKeywordLogger</class>
  <method>startTest</method>
  <thread>1</thread>
  <message>Start Test Case : Test Cases/DangNhap/DangNhap_DieuKienEmailVaPassword_DapUng</message>
  <nestedLevel>1</nestedLevel>
  <escapedJava>false</escapedJava>
  <property name="name">Test Cases/DangNhap/DangNhap_DieuKienEmailVaPassword_DapUng</property>
  <property name="description"></property>
  <property name="iteration"></property>
  <property name="id">Test Cases/DangNhap/DangNhap_DieuKienEmailVaPassword_DapUng</property>
  <property name="source">D:\MONHOC\DoAnTotNghiep_2\automation_2\truyenteen.me\Test Cases\DangNhap\DangNhap_DieuKienEmailVaPassword_DapUng.tc</property>
  <property name="tag"></property>
  <property name="isOptional">false</property>
</record>
<record>
  <date>2024-01-13T16:07:38</date>
  <millis>1705129658691</millis>
  <sequence>19</sequence>
  <level>ERROR</level>
  <class>com.kms.katalon.core.logging.XmlKeywordLogger</class>
  <method>logMessage</method>
  <thread>1</thread>
  <message>Test Cases/DangNhap/DangNhap_DieuKienEmailVaPassword_DapUng has ERROR(s).
Reason:
org.codehaus.groovy.control.MultipleCompilationErrorsException: startup failed:
script1705129658681.groovy: 56: expecting anything but &amp;apos;&amp;apos;\n&amp;apos;&amp;apos;; got it anyway @ line 56, column 67.
   sword: $Password không hợp lệ.
                                 ^

1 error
</message>
  <nestedLevel>1</nestedLevel>
  <escapedJava>false</escapedJava>
  <property name="failed.exception.class">org.codehaus.groovy.control.MultipleCompilationErrorsException</property>
  <property name="failed.exception.stacktrace">org.codehaus.groovy.control.MultipleCompilationErrorsException: startup failed:
script1705129658681.groovy: 56: expecting anything but &apos;&apos;\n&apos;&apos;; got it anyway @ line 56, column 67.
   sword: $Password không hợp lệ.
                                 ^

1 error

	at com.kms.katalon.core.main.TestCaseMethodNodeCollector.&lt;init&gt;(TestCaseMethodNodeCollector.java:43)
	at com.kms.katalon.core.main.TestCaseExecutor.processScriptPreparationPhase(TestCaseExecutor.java:184)
	at com.kms.katalon.core.main.TestCaseExecutor.execute(TestCaseExecutor.java:259)
	at com.kms.katalon.core.common.CommonExecutor.accessTestCaseMainPhase(CommonExecutor.java:65)
	at com.kms.katalon.core.main.TestSuiteExecutor.accessTestSuiteMainPhase(TestSuiteExecutor.java:148)
	at com.kms.katalon.core.main.TestSuiteExecutor.execute(TestSuiteExecutor.java:106)
	at com.kms.katalon.core.main.TestCaseMain.startTestSuite(TestCaseMain.java:187)
	at com.kms.katalon.core.main.TestCaseMain$startTestSuite$0.call(Unknown Source)
	at TempTestSuite1705129655543.run(TempTestSuite1705129655543.groovy:36)
</property>
  <property name="failed.exception.message">startup failed:
script1705129658681.groovy: 56: expecting anything but &apos;&apos;\n&apos;&apos;; got it anyway @ line 56, column 67.
   sword: $Password không hợp lệ.
                                 ^

1 error
</property>
</record>
<record>
  <date>2024-01-13T16:07:38</date>
  <millis>1705129658693</millis>
  <sequence>20</sequence>
  <level>END</level>
  <class>com.kms.katalon.core.logging.XmlKeywordLogger</class>
  <method>endTest</method>
  <thread>1</thread>
  <message>End Test Case : Test Cases/DangNhap/DangNhap_DieuKienEmailVaPassword_DapUng</message>
  <nestedLevel>0</nestedLevel>
  <escapedJava>false</escapedJava>
  <property name="executionBindingVariables">[]</property>
  <property name="applitools">false</property>
  <property name="keywordsUsage">{
  &quot;web_ui&quot;: false,
  &quot;web_service&quot;: false,
  &quot;cucumber&quot;: false,
  &quot;builtin&quot;: false,
  &quot;mobile&quot;: false,
  &quot;windows&quot;: false,
  &quot;testng&quot;: false
}</property>
</record>
<record>
  <date>2024-01-13T16:07:38</date>
  <millis>1705129658733</millis>
  <sequence>21</sequence>
  <level>START</level>
  <class>com.kms.katalon.core.logging.XmlKeywordLogger</class>
  <method>startTest</method>
  <thread>1</thread>
  <message>Start Test Case : Test Cases/DangNhap/DangNhap_DieuKienEmailVaPassword_DapUng</message>
  <nestedLevel>1</nestedLevel>
  <escapedJava>false</escapedJava>
  <property name="name">Test Cases/DangNhap/DangNhap_DieuKienEmailVaPassword_DapUng</property>
  <property name="description"></property>
  <property name="iteration"></property>
  <property name="id">Test Cases/DangNhap/DangNhap_DieuKienEmailVaPassword_DapUng</property>
  <property name="source">D:\MONHOC\DoAnTotNghiep_2\automation_2\truyenteen.me\Test Cases\DangNhap\DangNhap_DieuKienEmailVaPassword_DapUng.tc</property>
  <property name="tag"></property>
  <property name="isOptional">false</property>
</record>
<record>
  <date>2024-01-13T16:07:38</date>
  <millis>1705129658744</millis>
  <sequence>23</sequence>
  <level>ERROR</level>
  <class>com.kms.katalon.core.logging.XmlKeywordLogger</class>
  <method>logMessage</method>
  <thread>1</thread>
  <message>Test Cases/DangNhap/DangNhap_DieuKienEmailVaPassword_DapUng has ERROR(s).
Reason:
org.codehaus.groovy.control.MultipleCompilationErrorsException: startup failed:
script1705129658734.groovy: 56: expecting anything but &amp;apos;&amp;apos;\n&amp;apos;&amp;apos;; got it anyway @ line 56, column 67.
   sword: $Password không hợp lệ.
                                 ^

1 error
</message>
  <nestedLevel>1</nestedLevel>
  <escapedJava>false</escapedJava>
  <property name="failed.exception.class">org.codehaus.groovy.control.MultipleCompilationErrorsException</property>
  <property name="failed.exception.stacktrace">org.codehaus.groovy.control.MultipleCompilationErrorsException: startup failed:
script1705129658734.groovy: 56: expecting anything but &apos;&apos;\n&apos;&apos;; got it anyway @ line 56, column 67.
   sword: $Password không hợp lệ.
                                 ^

1 error

	at com.kms.katalon.core.main.TestCaseMethodNodeCollector.&lt;init&gt;(TestCaseMethodNodeCollector.java:43)
	at com.kms.katalon.core.main.TestCaseExecutor.processScriptPreparationPhase(TestCaseExecutor.java:184)
	at com.kms.katalon.core.main.TestCaseExecutor.execute(TestCaseExecutor.java:259)
	at com.kms.katalon.core.common.CommonExecutor.accessTestCaseMainPhase(CommonExecutor.java:65)
	at com.kms.katalon.core.main.TestSuiteExecutor.accessTestSuiteMainPhase(TestSuiteExecutor.java:148)
	at com.kms.katalon.core.main.TestSuiteExecutor.execute(TestSuiteExecutor.java:106)
	at com.kms.katalon.core.main.TestCaseMain.startTestSuite(TestCaseMain.java:187)
	at com.kms.katalon.core.main.TestCaseMain$startTestSuite$0.call(Unknown Source)
	at TempTestSuite1705129655543.run(TempTestSuite1705129655543.groovy:36)
</property>
  <property name="failed.exception.message">startup failed:
script1705129658734.groovy: 56: expecting anything but &apos;&apos;\n&apos;&apos;; got it anyway @ line 56, column 67.
   sword: $Password không hợp lệ.
                                 ^

1 error
</property>
</record>
<record>
  <date>2024-01-13T16:07:38</date>
  <millis>1705129658747</millis>
  <sequence>24</sequence>
  <level>END</level>
  <class>com.kms.katalon.core.logging.XmlKeywordLogger</class>
  <method>endTest</method>
  <thread>1</thread>
  <message>End Test Case : Test Cases/DangNhap/DangNhap_DieuKienEmailVaPassword_DapUng</message>
  <nestedLevel>0</nestedLevel>
  <escapedJava>false</escapedJava>
  <property name="executionBindingVariables">[]</property>
  <property name="applitools">false</property>
  <property name="keywordsUsage">{
  &quot;web_ui&quot;: false,
  &quot;web_service&quot;: false,
  &quot;cucumber&quot;: false,
  &quot;builtin&quot;: false,
  &quot;mobile&quot;: false,
  &quot;windows&quot;: false,
  &quot;testng&quot;: false
}</property>
</record>
<record>
  <date>2024-01-13T16:07:38</date>
  <millis>1705129658789</millis>
  <sequence>25</sequence>
  <level>START</level>
  <class>com.kms.katalon.core.logging.XmlKeywordLogger</class>
  <method>startTest</method>
  <thread>1</thread>
  <message>Start Test Case : Test Cases/DangNhap/DangNhap_DieuKienEmailVaPassword_DapUng</message>
  <nestedLevel>1</nestedLevel>
  <escapedJava>false</escapedJava>
  <property name="name">Test Cases/DangNhap/DangNhap_DieuKienEmailVaPassword_DapUng</property>
  <property name="description"></property>
  <property name="iteration"></property>
  <property name="id">Test Cases/DangNhap/DangNhap_DieuKienEmailVaPassword_DapUng</property>
  <property name="source">D:\MONHOC\DoAnTotNghiep_2\automation_2\truyenteen.me\Test Cases\DangNhap\DangNhap_DieuKienEmailVaPassword_DapUng.tc</property>
  <property name="tag"></property>
  <property name="isOptional">false</property>
</record>
<record>
  <date>2024-01-13T16:07:38</date>
  <millis>1705129658800</millis>
  <sequence>27</sequence>
  <level>ERROR</level>
  <class>com.kms.katalon.core.logging.XmlKeywordLogger</class>
  <method>logMessage</method>
  <thread>1</thread>
  <message>Test Cases/DangNhap/DangNhap_DieuKienEmailVaPassword_DapUng has ERROR(s).
Reason:
org.codehaus.groovy.control.MultipleCompilationErrorsException: startup failed:
script1705129658790.groovy: 56: expecting anything but &amp;apos;&amp;apos;\n&amp;apos;&amp;apos;; got it anyway @ line 56, column 67.
   sword: $Password không hợp lệ.
                                 ^

1 error
</message>
  <nestedLevel>1</nestedLevel>
  <escapedJava>false</escapedJava>
  <property name="failed.exception.class">org.codehaus.groovy.control.MultipleCompilationErrorsException</property>
  <property name="failed.exception.stacktrace">org.codehaus.groovy.control.MultipleCompilationErrorsException: startup failed:
script1705129658790.groovy: 56: expecting anything but &apos;&apos;\n&apos;&apos;; got it anyway @ line 56, column 67.
   sword: $Password không hợp lệ.
                                 ^

1 error

	at com.kms.katalon.core.main.TestCaseMethodNodeCollector.&lt;init&gt;(TestCaseMethodNodeCollector.java:43)
	at com.kms.katalon.core.main.TestCaseExecutor.processScriptPreparationPhase(TestCaseExecutor.java:184)
	at com.kms.katalon.core.main.TestCaseExecutor.execute(TestCaseExecutor.java:259)
	at com.kms.katalon.core.common.CommonExecutor.accessTestCaseMainPhase(CommonExecutor.java:65)
	at com.kms.katalon.core.main.TestSuiteExecutor.accessTestSuiteMainPhase(TestSuiteExecutor.java:148)
	at com.kms.katalon.core.main.TestSuiteExecutor.execute(TestSuiteExecutor.java:106)
	at com.kms.katalon.core.main.TestCaseMain.startTestSuite(TestCaseMain.java:187)
	at com.kms.katalon.core.main.TestCaseMain$startTestSuite$0.call(Unknown Source)
	at TempTestSuite1705129655543.run(TempTestSuite1705129655543.groovy:36)
</property>
  <property name="failed.exception.message">startup failed:
script1705129658790.groovy: 56: expecting anything but &apos;&apos;\n&apos;&apos;; got it anyway @ line 56, column 67.
   sword: $Password không hợp lệ.
                                 ^

1 error
</property>
</record>
<record>
  <date>2024-01-13T16:07:38</date>
  <millis>1705129658802</millis>
  <sequence>28</sequence>
  <level>END</level>
  <class>com.kms.katalon.core.logging.XmlKeywordLogger</class>
  <method>endTest</method>
  <thread>1</thread>
  <message>End Test Case : Test Cases/DangNhap/DangNhap_DieuKienEmailVaPassword_DapUng</message>
  <nestedLevel>0</nestedLevel>
  <escapedJava>false</escapedJava>
  <property name="executionBindingVariables">[]</property>
  <property name="applitools">false</property>
  <property name="keywordsUsage">{
  &quot;web_ui&quot;: false,
  &quot;web_service&quot;: false,
  &quot;cucumber&quot;: false,
  &quot;builtin&quot;: false,
  &quot;mobile&quot;: false,
  &quot;windows&quot;: false,
  &quot;testng&quot;: false
}</property>
</record>
<record>
  <date>2024-01-13T16:07:38</date>
  <millis>1705129658838</millis>
  <sequence>29</sequence>
  <level>START</level>
  <class>com.kms.katalon.core.logging.XmlKeywordLogger</class>
  <method>startTest</method>
  <thread>1</thread>
  <message>Start Test Case : Test Cases/DangNhap/DangNhap_DieuKienEmailVaPassword_DapUng</message>
  <nestedLevel>1</nestedLevel>
  <escapedJava>false</escapedJava>
  <property name="name">Test Cases/DangNhap/DangNhap_DieuKienEmailVaPassword_DapUng</property>
  <property name="description"></property>
  <property name="iteration"></property>
  <property name="id">Test Cases/DangNhap/DangNhap_DieuKienEmailVaPassword_DapUng</property>
  <property name="source">D:\MONHOC\DoAnTotNghiep_2\automation_2\truyenteen.me\Test Cases\DangNhap\DangNhap_DieuKienEmailVaPassword_DapUng.tc</property>
  <property name="tag"></property>
  <property name="isOptional">false</property>
</record>
<record>
  <date>2024-01-13T16:07:38</date>
  <millis>1705129658849</millis>
  <sequence>31</sequence>
  <level>ERROR</level>
  <class>com.kms.katalon.core.logging.XmlKeywordLogger</class>
  <method>logMessage</method>
  <thread>1</thread>
  <message>Test Cases/DangNhap/DangNhap_DieuKienEmailVaPassword_DapUng has ERROR(s).
Reason:
org.codehaus.groovy.control.MultipleCompilationErrorsException: startup failed:
script1705129658838.groovy: 56: expecting anything but &amp;apos;&amp;apos;\n&amp;apos;&amp;apos;; got it anyway @ line 56, column 67.
   sword: $Password không hợp lệ.
                                 ^

1 error
</message>
  <nestedLevel>1</nestedLevel>
  <escapedJava>false</escapedJava>
  <property name="failed.exception.class">org.codehaus.groovy.control.MultipleCompilationErrorsException</property>
  <property name="failed.exception.stacktrace">org.codehaus.groovy.control.MultipleCompilationErrorsException: startup failed:
script1705129658838.groovy: 56: expecting anything but &apos;&apos;\n&apos;&apos;; got it anyway @ line 56, column 67.
   sword: $Password không hợp lệ.
                                 ^

1 error

	at com.kms.katalon.core.main.TestCaseMethodNodeCollector.&lt;init&gt;(TestCaseMethodNodeCollector.java:43)
	at com.kms.katalon.core.main.TestCaseExecutor.processScriptPreparationPhase(TestCaseExecutor.java:184)
	at com.kms.katalon.core.main.TestCaseExecutor.execute(TestCaseExecutor.java:259)
	at com.kms.katalon.core.common.CommonExecutor.accessTestCaseMainPhase(CommonExecutor.java:65)
	at com.kms.katalon.core.main.TestSuiteExecutor.accessTestSuiteMainPhase(TestSuiteExecutor.java:148)
	at com.kms.katalon.core.main.TestSuiteExecutor.execute(TestSuiteExecutor.java:106)
	at com.kms.katalon.core.main.TestCaseMain.startTestSuite(TestCaseMain.java:187)
	at com.kms.katalon.core.main.TestCaseMain$startTestSuite$0.call(Unknown Source)
	at TempTestSuite1705129655543.run(TempTestSuite1705129655543.groovy:36)
</property>
  <property name="failed.exception.message">startup failed:
script1705129658838.groovy: 56: expecting anything but &apos;&apos;\n&apos;&apos;; got it anyway @ line 56, column 67.
   sword: $Password không hợp lệ.
                                 ^

1 error
</property>
</record>
<record>
  <date>2024-01-13T16:07:38</date>
  <millis>1705129658851</millis>
  <sequence>32</sequence>
  <level>END</level>
  <class>com.kms.katalon.core.logging.XmlKeywordLogger</class>
  <method>endTest</method>
  <thread>1</thread>
  <message>End Test Case : Test Cases/DangNhap/DangNhap_DieuKienEmailVaPassword_DapUng</message>
  <nestedLevel>0</nestedLevel>
  <escapedJava>false</escapedJava>
  <property name="executionBindingVariables">[]</property>
  <property name="applitools">false</property>
  <property name="keywordsUsage">{
  &quot;web_ui&quot;: false,
  &quot;web_service&quot;: false,
  &quot;cucumber&quot;: false,
  &quot;builtin&quot;: false,
  &quot;mobile&quot;: false,
  &quot;windows&quot;: false,
  &quot;testng&quot;: false
}</property>
</record>
<record>
  <date>2024-01-13T16:07:38</date>
  <millis>1705129658887</millis>
  <sequence>33</sequence>
  <level>START</level>
  <class>com.kms.katalon.core.logging.XmlKeywordLogger</class>
  <method>startTest</method>
  <thread>1</thread>
  <message>Start Test Case : Test Cases/DangNhap/DangNhap_DieuKienEmailVaPassword_DapUng</message>
  <nestedLevel>1</nestedLevel>
  <escapedJava>false</escapedJava>
  <property name="name">Test Cases/DangNhap/DangNhap_DieuKienEmailVaPassword_DapUng</property>
  <property name="description"></property>
  <property name="iteration"></property>
  <property name="id">Test Cases/DangNhap/DangNhap_DieuKienEmailVaPassword_DapUng</property>
  <property name="source">D:\MONHOC\DoAnTotNghiep_2\automation_2\truyenteen.me\Test Cases\DangNhap\DangNhap_DieuKienEmailVaPassword_DapUng.tc</property>
  <property name="tag"></property>
  <property name="isOptional">false</property>
</record>
<record>
  <date>2024-01-13T16:07:38</date>
  <millis>1705129658897</millis>
  <sequence>35</sequence>
  <level>ERROR</level>
  <class>com.kms.katalon.core.logging.XmlKeywordLogger</class>
  <method>logMessage</method>
  <thread>1</thread>
  <message>Test Cases/DangNhap/DangNhap_DieuKienEmailVaPassword_DapUng has ERROR(s).
Reason:
org.codehaus.groovy.control.MultipleCompilationErrorsException: startup failed:
script1705129658888.groovy: 56: expecting anything but &amp;apos;&amp;apos;\n&amp;apos;&amp;apos;; got it anyway @ line 56, column 67.
   sword: $Password không hợp lệ.
                                 ^

1 error
</message>
  <nestedLevel>1</nestedLevel>
  <escapedJava>false</escapedJava>
  <property name="failed.exception.class">org.codehaus.groovy.control.MultipleCompilationErrorsException</property>
  <property name="failed.exception.stacktrace">org.codehaus.groovy.control.MultipleCompilationErrorsException: startup failed:
script1705129658888.groovy: 56: expecting anything but &apos;&apos;\n&apos;&apos;; got it anyway @ line 56, column 67.
   sword: $Password không hợp lệ.
                                 ^

1 error

	at com.kms.katalon.core.main.TestCaseMethodNodeCollector.&lt;init&gt;(TestCaseMethodNodeCollector.java:43)
	at com.kms.katalon.core.main.TestCaseExecutor.processScriptPreparationPhase(TestCaseExecutor.java:184)
	at com.kms.katalon.core.main.TestCaseExecutor.execute(TestCaseExecutor.java:259)
	at com.kms.katalon.core.common.CommonExecutor.accessTestCaseMainPhase(CommonExecutor.java:65)
	at com.kms.katalon.core.main.TestSuiteExecutor.accessTestSuiteMainPhase(TestSuiteExecutor.java:148)
	at com.kms.katalon.core.main.TestSuiteExecutor.execute(TestSuiteExecutor.java:106)
	at com.kms.katalon.core.main.TestCaseMain.startTestSuite(TestCaseMain.java:187)
	at com.kms.katalon.core.main.TestCaseMain$startTestSuite$0.call(Unknown Source)
	at TempTestSuite1705129655543.run(TempTestSuite1705129655543.groovy:36)
</property>
  <property name="failed.exception.message">startup failed:
script1705129658888.groovy: 56: expecting anything but &apos;&apos;\n&apos;&apos;; got it anyway @ line 56, column 67.
   sword: $Password không hợp lệ.
                                 ^

1 error
</property>
</record>
<record>
  <date>2024-01-13T16:07:38</date>
  <millis>1705129658899</millis>
  <sequence>36</sequence>
  <level>END</level>
  <class>com.kms.katalon.core.logging.XmlKeywordLogger</class>
  <method>endTest</method>
  <thread>1</thread>
  <message>End Test Case : Test Cases/DangNhap/DangNhap_DieuKienEmailVaPassword_DapUng</message>
  <nestedLevel>0</nestedLevel>
  <escapedJava>false</escapedJava>
  <property name="executionBindingVariables">[]</property>
  <property name="applitools">false</property>
  <property name="keywordsUsage">{
  &quot;web_ui&quot;: false,
  &quot;web_service&quot;: false,
  &quot;cucumber&quot;: false,
  &quot;builtin&quot;: false,
  &quot;mobile&quot;: false,
  &quot;windows&quot;: false,
  &quot;testng&quot;: false
}</property>
</record>
<record>
  <date>2024-01-13T16:07:38</date>
  <millis>1705129658900</millis>
  <sequence>37</sequence>
  <level>START</level>
  <class>com.kms.katalon.core.logging.XmlKeywordLogger</class>
  <method>startKeyword</method>
  <thread>1</thread>
  <message>Start listener action : exportKatalonReports</message>
  <nestedLevel>0</nestedLevel>
  <escapedJava>false</escapedJava>
</record>
<record>
  <date>2024-01-13T16:07:39</date>
  <millis>1705129659484</millis>
  <sequence>99</sequence>
  <level>INFO</level>
  <class>com.kms.katalon.core.logging.XmlKeywordLogger</class>
  <method>logMessage</method>
  <thread>1</thread>
  <message>Start generating HTML report folder at: D:\MONHOC\DoAnTotNghiep_2\automation_2\truyenteen.me\Reports\20240113_160735\New Test Suite\20240113_160735...</message>
  <nestedLevel>0</nestedLevel>
  <escapedJava>false</escapedJava>
</record>
<record>
  <date>2024-01-13T16:07:39</date>
  <millis>1705129659509</millis>
  <sequence>100</sequence>
  <level>INFO</level>
  <class>com.kms.katalon.core.logging.XmlKeywordLogger</class>
  <method>logMessage</method>
  <thread>1</thread>
  <message>HTML report generated</message>
  <nestedLevel>0</nestedLevel>
  <escapedJava>false</escapedJava>
</record>
<record>
  <date>2024-01-13T16:07:39</date>
  <millis>1705129659510</millis>
  <sequence>101</sequence>
  <level>INFO</level>
  <class>com.kms.katalon.core.logging.XmlKeywordLogger</class>
  <method>logMessage</method>
  <thread>1</thread>
  <message>Start generating CSV report folder at: D:\MONHOC\DoAnTotNghiep_2\automation_2\truyenteen.me\Reports\20240113_160735\New Test Suite\20240113_160735...</message>
  <nestedLevel>0</nestedLevel>
  <escapedJava>false</escapedJava>
</record>
<record>
  <date>2024-01-13T16:07:39</date>
  <millis>1705129659528</millis>
  <sequence>102</sequence>
  <level>INFO</level>
  <class>com.kms.katalon.core.logging.XmlKeywordLogger</class>
  <method>logMessage</method>
  <thread>1</thread>
  <message>CSV report generated</message>
  <nestedLevel>0</nestedLevel>
  <escapedJava>false</escapedJava>
</record>
<record>
  <date>2024-01-13T16:07:39</date>
  <millis>1705129659565</millis>
  <sequence>104</sequence>
  <level>END</level>
  <class>com.kms.katalon.core.logging.XmlKeywordLogger</class>
  <method>endKeyword</method>
  <thread>1</thread>
  <message>End listener action : exportKatalonReports</message>
  <nestedLevel>0</nestedLevel>
  <escapedJava>false</escapedJava>
</record>
<record>
  <date>2024-01-13T16:07:39</date>
  <millis>1705129659641</millis>
  <sequence>105</sequence>
  <level>END</level>
  <class>com.kms.katalon.core.logging.XmlKeywordLogger</class>
  <method>endSuite</method>
  <thread>1</thread>
  <message>End Test Suite : Test Suites/New Test Suite</message>
  <nestedLevel>0</nestedLevel>
  <escapedJava>false</escapedJava>
</record>
</log>
